\BOOKMARK [1][-]{section.1}{\376\377\000I\000n\000t\000r\000o\000d\000u\000c\000t\000i\000o\000n}{}% 1
\BOOKMARK [1][-]{section.2}{\376\377\000R\000e\000l\000a\000t\000e\000d\000\040\000W\000o\000r\000k}{}% 2
\BOOKMARK [1][-]{section.3}{\376\377\000D\000a\000t\000a\000s\000e\000t\000s}{}% 3
\BOOKMARK [2][-]{subsection.3.1}{\376\377\000F\000O\000M\000C\000\040\000H\000a\000w\000k\000i\000s\000h\040\023\000D\000o\000v\000i\000s\000h\000\040\000\050\000s\000t\000a\000n\000c\000e\000\051}{section.3}% 4
\BOOKMARK [2][-]{subsection.3.2}{\376\377\000F\000i\000n\000a\000n\000c\000i\000a\000l\000\040\000P\000h\000r\000a\000s\000e\000B\000a\000n\000k\000\040\000a\000l\000l\000-\000a\000g\000r\000e\000e\000\040\000\050\000s\000e\000n\000t\000i\000m\000e\000n\000t\000\051}{section.3}% 5
\BOOKMARK [2][-]{subsection.3.3}{\376\377\000L\000o\000u\000g\000h\000r\000a\000n\040\023\000M\000c\000D\000o\000n\000a\000l\000d\000\040\000l\000e\000x\000i\000c\000o\000n}{section.3}% 6
\BOOKMARK [2][-]{subsection.3.4}{\376\377\000D\000a\000t\000a\000\040\000s\000p\000l\000i\000t\000s}{section.3}% 7
\BOOKMARK [1][-]{section.4}{\376\377\000M\000e\000t\000h\000o\000d\000o\000l\000o\000g\000y}{}% 8
\BOOKMARK [2][-]{subsection.4.1}{\376\377\000T\000r\000a\000d\000i\000t\000i\000o\000n\000a\000l\000\040\000b\000a\000s\000e\000l\000i\000n\000e\000s}{section.4}% 9
\BOOKMARK [3][-]{subsubsection.4.1.1}{\376\377\000T\000F\000-\000I\000D\000F\000\040\000+\000\040\000L\000o\000g\000i\000s\000t\000i\000c\000\040\000R\000e\000g\000r\000e\000s\000s\000i\000o\000n\000\040\000\050\000r\000e\000q\000u\000i\000r\000e\000d\000\040\000b\000a\000s\000e\000l\000i\000n\000e\000\051}{subsection.4.1}% 10
\BOOKMARK [3][-]{subsubsection.4.1.2}{\376\377\000T\000F\000-\000I\000D\000F\000\040\000+\000\040\000L\000i\000n\000e\000a\000r\000S\000V\000C}{subsection.4.1}% 11
\BOOKMARK [3][-]{subsubsection.4.1.3}{\376\377\000T\000F\000-\000I\000D\000F\000\040\000t\000r\000i\000g\000r\000a\000m\000s\000\040\000+\000\040\000L\000R}{subsection.4.1}% 12
\BOOKMARK [3][-]{subsubsection.4.1.4}{\376\377\000T\000F\000-\000I\000D\000F\000\040\000+\000\040\000L\000M\000\040\000l\000e\000x\000i\000c\000o\000n}{subsection.4.1}% 13
\BOOKMARK [2][-]{subsection.4.2}{\376\377\000P\000r\000e\000-\000t\000r\000a\000i\000n\000e\000d\000\040\000z\000e\000r\000o\000-\000\040\000a\000n\000d\000\040\000f\000e\000w\000-\000s\000h\000o\000t\000\040\000p\000r\000o\000b\000e\000s}{section.4}% 14
\BOOKMARK [2][-]{subsection.4.3}{\376\377\000F\000i\000n\000e\000-\000t\000u\000n\000i\000n\000g}{section.4}% 15
\BOOKMARK [3][-]{subsubsection.4.3.1}{\376\377\000F\000i\000n\000B\000E\000R\000T\000\040\000f\000u\000l\000l\000\040\000f\000i\000n\000e\000-\000t\000u\000n\000e}{subsection.4.3}% 16
\BOOKMARK [3][-]{subsubsection.4.3.2}{\376\377\000B\000E\000R\000T\000-\000b\000a\000s\000e\000\040\000w\000i\000t\000h\000\040\000L\000L\000R\000D\000\040\000a\000n\000d\000\040\000g\000r\000a\000d\000u\000a\000l\000\040\000u\000n\000f\000r\000e\000e\000z\000i\000n\000g}{subsection.4.3}% 17
\BOOKMARK [2][-]{subsection.4.4}{\376\377\000M\000u\000l\000t\000i\000-\000t\000a\000s\000k\000\040\000F\000i\000n\000B\000E\000R\000T\000\040\000\050\000m\000a\000i\000n\000\040\000e\000x\000t\000e\000n\000s\000i\000o\000n\000\051}{section.4}% 18
\BOOKMARK [1][-]{section.5}{\376\377\000E\000x\000p\000e\000r\000i\000m\000e\000n\000t\000s}{}% 19
\BOOKMARK [1][-]{section.6}{\376\377\000R\000e\000s\000u\000l\000t\000s}{}% 20
\BOOKMARK [1][-]{section.7}{\376\377\000D\000a\000t\000a\000\040\000A\000n\000a\000l\000y\000s\000i\000s}{}% 21
\BOOKMARK [1][-]{section.8}{\376\377\000A\000n\000a\000l\000y\000s\000i\000s\000\040\000o\000f\000\040\000R\000e\000s\000u\000l\000t\000s}{}% 22
\BOOKMARK [1][-]{section.9}{\376\377\000E\000r\000r\000o\000r\000\040\000A\000n\000a\000l\000y\000s\000i\000s}{}% 23
\BOOKMARK [1][-]{section.10}{\376\377\000D\000e\000p\000l\000o\000y\000m\000e\000n\000t}{}% 24
\BOOKMARK [1][-]{section.11}{\376\377\000D\000i\000s\000c\000u\000s\000s\000i\000o\000n}{}% 25
\BOOKMARK [1][-]{section.12}{\376\377\000C\000o\000n\000c\000l\000u\000s\000i\000o\000n}{}% 26
